<?xml version="1.0" encoding="UTF-8" ?>
<!DOCTYPE mapper PUBLIC "-//mybatis.org//DTD Mapper 3.0//EN" "http://mybatis.org/dtd/mybatis-3-mapper.dtd">
<mapper namespace="com.example.mysql.mapper.TestMapper">

    <select id="selectTestBooleans" resultType="com.example.mysql.entity.TestBoolean">
        SELECT  *
        FROM    TEST_BOOLEAN
    </select>

</mapper>
